<?xml version="1.0" encoding="UTF-8"?>
<!-- Generated by org.testng.reporters.JUnitXMLReporter -->
<testsuite hostname="Swecha" ignored="4" name="Test" tests="1" failures="0" timestamp="2022-06-13T21:25:39 IST" time="129.814" errors="0">
  <testcase name="enterProduct" time="126.559" classname="com.productlist.ProductList"/>
  <testcase name="@BeforeSuite extentReport" time="0.0" classname="com.product.Base">
    <ignored/>
  </testcase> <!-- @BeforeSuite extentReport -->
  <testcase name="@BeforeSuite extentReport" time="0.0" classname="com.product.Base">
    <ignored/>
  </testcase> <!-- @BeforeSuite extentReport -->
  <testcase name="@AfterSuite tearDown" time="0.0" classname="com.product.Base">
    <ignored/>
  </testcase> <!-- @AfterSuite tearDown -->
  <testcase name="@AfterSuite tearDown" time="0.0" classname="com.product.Base">
    <ignored/>
  </testcase> <!-- @AfterSuite tearDown -->
</testsuite> <!-- Test -->
