<?xml version="1.0" encoding="UTF-8"?>
<testng-results skipped="0" failed="0" ignored="4" total="5" passed="1">
  <reporter-output>
  </reporter-output>
  <suite name="Suite" duration-ms="129814" started-at="2022-06-13T21:23:29 IST" finished-at="2022-06-13T21:25:39 IST">
    <groups>
    </groups>
    <test name="Test" duration-ms="129814" started-at="2022-06-13T21:23:29 IST" finished-at="2022-06-13T21:25:39 IST">
      <class name="com.productlist.ProductList">
        <test-method status="PASS" signature="init_Browser()[pri:0, instance:com.productlist.ProductList@12f41634]" name="init_Browser" is-config="true" duration-ms="3207" started-at="2022-06-13T21:23:29 IST" finished-at="2022-06-13T21:23:33 IST">
          <reporter-output>
          </reporter-output>
        </test-method> <!-- init_Browser -->
        <test-method status="PASS" signature="enterProduct()[pri:0, instance:com.productlist.ProductList@12f41634]" name="enterProduct" duration-ms="126559" started-at="2022-06-13T21:23:33 IST" finished-at="2022-06-13T21:25:39 IST">
          <reporter-output>
          </reporter-output>
        </test-method> <!-- enterProduct -->
      </class> <!-- com.productlist.ProductList -->
      <class name="com.product.Base">
        <test-method status="PASS" signature="extentReport()[pri:0, instance:com.product.Base@6b9651f3]" name="extentReport" is-config="true" duration-ms="134" started-at="2022-06-13T21:23:29 IST" finished-at="2022-06-13T21:23:29 IST">
          <reporter-output>
          </reporter-output>
        </test-method> <!-- extentReport -->
        <test-method status="PASS" signature="tearDown()[pri:0, instance:com.product.Base@6b9651f3]" name="tearDown" is-config="true" duration-ms="694" started-at="2022-06-13T21:25:39 IST" finished-at="2022-06-13T21:25:40 IST">
          <reporter-output>
          </reporter-output>
        </test-method> <!-- tearDown -->
      </class> <!-- com.product.Base -->
    </test> <!-- Test -->
  </suite> <!-- Suite -->
</testng-results>
